<?xml version="1.0" encoding="UTF-8"?>
<robot generator="Robot 7.0.1 (Python 3.11.2 on win32)" generated="2024-10-18T20:30:40.559561" rpa="false" schemaversion="5">
<suite id="s1" name="RobotFramework" source="D:\RobotFramework">
<suite id="s1-s1" name="Testcase" source="D:\RobotFramework\Testcase">
<suite id="s1-s1-s1" name="SIT" source="D:\RobotFramework\Testcase\SIT">
<suite id="s1-s1-s1-s1" name="Twitter" source="D:\RobotFramework\Testcase\SIT\twitter.robot">
<test id="s1-s1-s1-s1-t1" name="Login" line="7">
<kw name="Log" owner="BuiltIn">
<msg time="2024-10-18T20:30:41.706967" level="WARN">TEST</msg>
<arg>TEST</arg>
<arg>WARN</arg>
<doc>Logs the given message with the given level.</doc>
<status status="PASS" start="2024-10-18T20:30:41.706967" elapsed="0.000997"/>
</kw>
<kw name="Open Browser" owner="SeleniumLibrary">
<msg time="2024-10-18T20:30:41.708961" level="INFO">Opening browser 'Chrome' to base url 'https://x.com/home'.</msg>
<arg>url=https://x.com/home</arg>
<arg>browser=Chrome</arg>
<doc>Opens a new browser instance to the optional ``url``.</doc>
<status status="PASS" start="2024-10-18T20:30:41.708961" elapsed="3.723790"/>
</kw>
<tag>TC002</tag>
<status status="PASS" start="2024-10-18T20:30:41.705969" elapsed="3.726782"/>
</test>
<status status="PASS" start="2024-10-18T20:30:40.595467" elapsed="4.839279"/>
</suite>
<status status="PASS" start="2024-10-18T20:30:40.593470" elapsed="4.843271"/>
</suite>
<status status="PASS" start="2024-10-18T20:30:40.590477" elapsed="4.847263"/>
</suite>
<status status="PASS" start="2024-10-18T20:30:40.563550" elapsed="4.876183"/>
</suite>
<statistics>
<total>
<stat pass="1" fail="0" skip="0">All Tests</stat>
</total>
<tag>
<stat pass="1" fail="0" skip="0">TC002</stat>
</tag>
<suite>
<stat pass="1" fail="0" skip="0" id="s1" name="RobotFramework">RobotFramework</stat>
<stat pass="1" fail="0" skip="0" id="s1-s1" name="Testcase">RobotFramework.Testcase</stat>
<stat pass="1" fail="0" skip="0" id="s1-s1-s1" name="SIT">RobotFramework.Testcase.SIT</stat>
<stat pass="1" fail="0" skip="0" id="s1-s1-s1-s1" name="Twitter">RobotFramework.Testcase.SIT.Twitter</stat>
</suite>
</statistics>
<errors>
<msg time="2024-10-18T20:30:41.706967" level="WARN">TEST</msg>
</errors>
</robot>
